<?xml version="1.0" encoding="UTF-8"?>
<testng-results ignored="0" total="1" passed="0" failed="1" skipped="0">
  <reporter-output>
  </reporter-output>
  <suite started-at="2020-03-16T13:37:03 IST" name="Default suite" finished-at="2020-03-16T13:37:24 IST" duration-ms="21380">
    <groups>
    </groups>
    <test started-at="2020-03-16T13:37:03 IST" name="Default test" finished-at="2020-03-16T13:37:24 IST" duration-ms="21380">
      <class name="test.gmail_Login_Page">
        <test-method signature="new1()[pri:0, instance:test.gmail_Login_Page@222545dc]" started-at="2020-03-16T13:37:03 IST" name="new1" finished-at="2020-03-16T13:37:24 IST" duration-ms="21344" status="FAIL">
          <exception class="com.galenframework.parser.SyntaxException">
            <message>
              <![CDATA[Unknown statement: base-js   id   base-js
    in C:\Users\himani.puri\Desktop\GalenFramework\TestGalen\Specs\login.spec:3]]>
            </message>
            <full-stacktrace>
              <![CDATA[com.galenframework.parser.SyntaxException: Unknown statement: base-js   id   base-js
    in C:\Users\himani.puri\Desktop\GalenFramework\TestGalen\Specs\login.spec:3
at com.galenframework.speclang2.pagespec.PostProcessor.processNode(PostProcessor.java:41)
at com.galenframework.speclang2.pagespec.PostProcessor.process(PostProcessor.java:33)
at com.galenframework.speclang2.pagespec.PageSpecReader.read(PageSpecReader.java:62)
at com.galenframework.speclang2.pagespec.PageSpecReader.read(PageSpecReader.java:45)
at com.galenframework.api.GalenPageDump.loadPageSpec(GalenPageDump.java:70)
at com.galenframework.api.GalenPageDump.dumpPage(GalenPageDump.java:65)
at test.gmail_Login_Page.new1(gmail_Login_Page.java:102)
at java.base/jdk.internal.reflect.NativeMethodAccessorImpl.invoke0(Native Method)
at java.base/jdk.internal.reflect.NativeMethodAccessorImpl.invoke(NativeMethodAccessorImpl.java:62)
at java.base/jdk.internal.reflect.DelegatingMethodAccessorImpl.invoke(DelegatingMethodAccessorImpl.java:43)
at java.base/java.lang.reflect.Method.invoke(Method.java:567)
at org.testng.internal.MethodInvocationHelper.invokeMethod(MethodInvocationHelper.java:133)
at org.testng.internal.TestInvoker.invokeMethod(TestInvoker.java:584)
at org.testng.internal.TestInvoker.invokeTestMethod(TestInvoker.java:172)
at org.testng.internal.MethodRunner.runInSequence(MethodRunner.java:46)
at org.testng.internal.TestInvoker$MethodInvocationAgent.invoke(TestInvoker.java:804)
at org.testng.internal.TestInvoker.invokeTestMethods(TestInvoker.java:145)
at org.testng.internal.TestMethodWorker.invokeTestMethods(TestMethodWorker.java:146)
at org.testng.internal.TestMethodWorker.run(TestMethodWorker.java:128)
at java.base/java.util.ArrayList.forEach(ArrayList.java:1507)
at org.testng.TestRunner.privateRun(TestRunner.java:770)
at org.testng.TestRunner.run(TestRunner.java:591)
at org.testng.SuiteRunner.runTest(SuiteRunner.java:402)
at org.testng.SuiteRunner.runSequentially(SuiteRunner.java:396)
at org.testng.SuiteRunner.privateRun(SuiteRunner.java:355)
at org.testng.SuiteRunner.run(SuiteRunner.java:304)
at org.testng.SuiteRunnerWorker.runSuite(SuiteRunnerWorker.java:53)
at org.testng.SuiteRunnerWorker.run(SuiteRunnerWorker.java:96)
at org.testng.TestNG.runSuitesSequentially(TestNG.java:1180)
at org.testng.TestNG.runSuitesLocally(TestNG.java:1102)
at org.testng.TestNG.runSuites(TestNG.java:1032)
at org.testng.TestNG.run(TestNG.java:1000)
at org.testng.remote.AbstractRemoteTestNG.run(AbstractRemoteTestNG.java:115)
at org.testng.remote.RemoteTestNG.initAndRun(RemoteTestNG.java:251)
at org.testng.remote.RemoteTestNG.main(RemoteTestNG.java:77)
]]>
            </full-stacktrace>
          </exception> <!-- com.galenframework.parser.SyntaxException -->
          <reporter-output>
          </reporter-output>
        </test-method> <!-- new1 -->
      </class> <!-- test.gmail_Login_Page -->
    </test> <!-- Default test -->
  </suite> <!-- Default suite -->
</testng-results>
